<?xml version="1.0" encoding="UTF-8"?>
<!-- Generated by org.testng.reporters.JUnitReportReporter -->
<testsuite hostname="aswin779" failures="0" tests="1" name="package1.CreatecontactpageWithPOMTest" time="26.071" errors="0" timestamp="2023-02-14T09:55:21 IST" skipped="0">
  <testcase classname="package1.CreatecontactpageWithPOMTest" name="createcontactpomtest" time="26.071"/>
  <system-out/>
</testsuite> <!-- package1.CreatecontactpageWithPOMTest -->
