<?xml version="1.0" encoding="UTF-8"?>
<!-- Generated by org.testng.reporters.JUnitReportReporter -->
<testsuite hostname="aswin779" failures="0" tests="4" name="package1.CreateOganizationWithIndustrytest" time="78.293" errors="0" timestamp="2023-02-06T10:05:18 IST" skipped="0">
  <testcase classname="package1.CreateOganizationWithIndustrytest" name="createcontactpomtest" time="17.903"/>
  <system-out/>
  <testcase classname="package1.CreateOganizationWithIndustrytest" name="createcontactpomtest" time="19.003"/>
  <system-out/>
  <testcase classname="package1.CreateOganizationWithIndustrytest" name="createcontactpomtest" time="20.698"/>
  <system-out/>
  <testcase classname="package1.CreateOganizationWithIndustrytest" name="createcontactpomtest" time="20.689"/>
  <system-out/>
</testsuite> <!-- package1.CreateOganizationWithIndustrytest -->
