<?xml version="1.0" encoding="UTF-8"?>
<!-- Generated by org.testng.reporters.JUnitReportReporter -->
<testsuite hostname="aswin779" failures="0" tests="1" name="package1.CreateContactWithOrganizationtest" time="17.413" errors="0" timestamp="2023-02-07T12:22:18 IST" skipped="0">
  <testcase classname="package1.CreateContactWithOrganizationtest" name="createcontactwithoganizationtest" time="17.413"/>
  <system-out/>
</testsuite> <!-- package1.CreateContactWithOrganizationtest -->
