<?xml version="1.0" encoding="UTF-8"?>
<!-- Generated by org.testng.reporters.JUnitReportReporter -->
<testsuite hostname="aswin779" failures="0" tests="1" name="package1.CreateOrganization" time="24.721" errors="0" timestamp="2023-02-04T10:24:50 IST" skipped="0">
  <testcase classname="package1.CreateOrganization" name="createorganizationtest" time="24.721"/>
  <system-out/>
</testsuite> <!-- package1.CreateOrganization -->
