<?xml version="1.0" encoding="UTF-8"?>
<!-- Generated by org.testng.reporters.JUnitReportReporter -->
<testsuite hostname="aswin779" failures="0" tests="3" name="separatepackage.CreateContactWithOrganizationwithBaseTest" time="45.616" errors="0" timestamp="2023-02-14T09:55:21 IST" skipped="0">
  <testcase classname="separatepackage.CreateContactWithOrganizationwithBaseTest" name="createcontactwithoganizationtest" time="25.327"/>
  <system-out/>
  <testcase classname="separatepackage.CreateContactWithOrganizationwithBaseTest" name="abajabadabatest" time="9.986"/>
  <system-out/>
  <testcase classname="separatepackage.CreateContactWithOrganizationwithBaseTest" name="jabajdbatest" time="10.303"/>
  <system-out/>
</testsuite> <!-- separatepackage.CreateContactWithOrganizationwithBaseTest -->
