<?xml version="1.0" encoding="UTF-8"?>
<!-- Generated by org.testng.reporters.JUnitReportReporter -->
<testsuite hostname="aswin779" failures="0" tests="1" name="separatepackage.newclassTest" time="0.014" errors="0" timestamp="2023-02-12T10:19:47 IST" skipped="0">
  <testcase classname="separatepackage.newclassTest" name="newclasstest" time="0.014"/>
  <system-out/>
</testsuite> <!-- separatepackage.newclassTest -->
