<?xml version="1.0" encoding="UTF-8"?>
<!-- Generated by org.testng.reporters.JUnitReportReporter -->
<testsuite hostname="aswin779" failures="0" tests="3" name="separatepackage.PracticeDataProviderTest" time="0.037" errors="0" timestamp="2023-02-14T09:55:21 IST" skipped="0">
  <testcase classname="separatepackage.PracticeDataProviderTest" name="pdataprovidertest" time="0.001"/>
  <system-out/>
  <testcase classname="separatepackage.PracticeDataProviderTest" name="pdataprovidertest" time="0.006"/>
  <system-out/>
  <testcase classname="separatepackage.PracticeDataProviderTest" name="pdataprovidertest" time="0.030"/>
  <system-out/>
</testsuite> <!-- separatepackage.PracticeDataProviderTest -->
