<?xml version="1.0" encoding="UTF-8"?>
<!-- Generated by org.testng.reporters.JUnitXMLReporter -->
<testsuite ignored="0" hostname="aswin779" failures="0" tests="1" name="Test-Runner-Edge" time="70.126" errors="0" timestamp="2023-02-07T15:38:09 IST">
  <testcase classname="separatepackage.CreatecontactWithBase" name="createcontactpomtest" time="15.637"/>
</testsuite> <!-- Test-Runner-Edge -->
