<?xml version="1.0" encoding="UTF-8"?>
<!-- Generated by org.testng.reporters.JUnitXMLReporter -->
<testsuite ignored="0" hostname="aswin779" failures="0" tests="3" name="Test-Runner 2" time="60.61" errors="0" timestamp="2023-02-08T10:41:31 IST">
  <testcase classname="separatepackage.CreateContactWithOrganizationwithBase" name="abajabadaba" time="0.022"/>
  <testcase classname="separatepackage.CreateContactWithOrganizationwithBase" name="createcontactwithoganizationtest" time="21.749"/>
  <testcase classname="separatepackage.CreateContactWithOrganizationwithBase" name="jabajdba" time="0.006"/>
</testsuite> <!-- Test-Runner 2 -->
